<?xml version="1.0" encoding="UTF-8"?>
<!-- Generated by org.testng.reporters.JUnitReportReporter -->
<testsuite skipped="0" hostname="Ankit-PC" name="com.vtiger.tests.LoginPageValidation" tests="5" failures="0" timestamp="10 Aug 2018 07:07:07 GMT" time="13.211" errors="0">
  <testcase name="verifyTitle" time="0.225" classname="com.vtiger.tests.LoginPageValidation"/>
  <testcase name="verifyLoginTheme" time="0.307" classname="com.vtiger.tests.LoginPageValidation"/>
  <testcase name="verifyInvalidLogin" time="6.249" classname="com.vtiger.tests.LoginPageValidation"/>
  <testcase name="verifyValidLogin" time="6.241" classname="com.vtiger.tests.LoginPageValidation"/>
  <testcase name="verifyLogo" time="0.189" classname="com.vtiger.tests.LoginPageValidation"/>
</testsuite> <!-- com.vtiger.tests.LoginPageValidation -->
